▄▄▄▄▄▄▄▄▄▄▄▄▄▄▄▄▄▄▄▄▄▄▄ TEST NUMBER 82 : ▄▄▄▄▄▄▄▄▄▄▄▄▄▄▄▄▄▄▄▄▄▄▄
(                   a 0123456a

1c1
< (                   a 0123456a
---
>                     a 0123456a

▄▄▄▄▄▄▄▄▄▄▄▄▄▄▄▄▄▄▄▄▄▄▄ TEST NUMBER 96 : ▄▄▄▄▄▄▄▄▄▄▄▄▄▄▄▄▄▄▄▄▄▄▄
Vous aimez bien One piece ? Moi j'adore ! vou, (

1c1
< Vous aimez bien One piece ? Moi j'adore ! vou, (
---
> Vous aimez bien One piece ? Moi j'adore ! vou,  

▄▄▄▄▄▄▄▄▄▄▄▄▄▄▄▄▄▄▄▄▄▄▄ TEST NUMBER 107 : ▄▄▄▄▄▄▄▄▄▄▄▄▄▄▄▄▄▄▄▄▄▄▄
(n                                                                                                                                                                

1c1
< (n                                                                                                                                                                
---
>                                                                                                                                                                   

▄▄▄▄▄▄▄▄▄▄▄▄▄▄▄▄▄▄▄▄▄▄▄ TEST NUMBER 127 : ▄▄▄▄▄▄▄▄▄▄▄▄▄▄▄▄▄▄▄▄▄▄▄
a                                  (, :O

1c1
< a                                  (, :O
---
> a                                   , :O

▄▄▄▄▄▄▄▄▄▄▄▄▄▄▄▄▄▄▄▄▄▄▄ TEST NUMBER 499 : ▄▄▄▄▄▄▄▄▄▄▄▄▄▄▄▄▄▄▄▄▄▄▄
               %

1c1
<                %
---
> %

▄▄▄▄▄▄▄▄▄▄▄▄▄▄▄▄▄▄▄▄▄▄▄ TEST NUMBER 500 : ▄▄▄▄▄▄▄▄▄▄▄▄▄▄▄▄▄▄▄▄▄▄▄
                               %

1c1
<                                %
---
> %

▄▄▄▄▄▄▄▄▄▄▄▄▄▄▄▄▄▄▄▄▄▄▄ TEST NUMBER 501 : ▄▄▄▄▄▄▄▄▄▄▄▄▄▄▄▄▄▄▄▄▄▄▄
                                                       %

1c1
<                                                        %
---
> %

▄▄▄▄▄▄▄▄▄▄▄▄▄▄▄▄▄▄▄▄▄▄▄ TEST NUMBER 508 : ▄▄▄▄▄▄▄▄▄▄▄▄▄▄▄▄▄▄▄▄▄▄▄
         %, %

1c1
<          %, %
---
> %, %

▄▄▄▄▄▄▄▄▄▄▄▄▄▄▄▄▄▄▄▄▄▄▄ TEST NUMBER 510 : ▄▄▄▄▄▄▄▄▄▄▄▄▄▄▄▄▄▄▄▄▄▄▄
           %,    %254

1c1
<            %,    %254
---
> %, %254

▄▄▄▄▄▄▄▄▄▄▄▄▄▄▄▄▄▄▄▄▄▄▄ TEST NUMBER 511 : ▄▄▄▄▄▄▄▄▄▄▄▄▄▄▄▄▄▄▄▄▄▄▄
%,                         %254

1c1
< %,                         %254
---
> %, %254

▄▄▄▄▄▄▄▄▄▄▄▄▄▄▄▄▄▄▄▄▄▄▄ TEST NUMBER 512 : ▄▄▄▄▄▄▄▄▄▄▄▄▄▄▄▄▄▄▄▄▄▄▄
%, 245 %254

1c1
< %, 245 %254
---
> %, 245%254

▄▄▄▄▄▄▄▄▄▄▄▄▄▄▄▄▄▄▄▄▄▄▄ TEST NUMBER 513 : ▄▄▄▄▄▄▄▄▄▄▄▄▄▄▄▄▄▄▄▄▄▄▄
 %254, 254                                           %

1c1
<  %254, 254                                           %
---
> %254, 254%

▄▄▄▄▄▄▄▄▄▄▄▄▄▄▄▄▄▄▄▄▄▄▄ TEST NUMBER 515 : ▄▄▄▄▄▄▄▄▄▄▄▄▄▄▄▄▄▄▄▄▄▄▄
    % 127 %%T

1c1
<     % 127 %%T
---
> % 127 %%T

▄▄▄▄▄▄▄▄▄▄▄▄▄▄▄▄▄▄▄▄▄▄▄ TEST NUMBER 516 : ▄▄▄▄▄▄▄▄▄▄▄▄▄▄▄▄▄▄▄▄▄▄▄
                %        127

1c1
<                 %        127
---
> %        127

▄▄▄▄▄▄▄▄▄▄▄▄▄▄▄▄▄▄▄▄▄▄▄ TEST NUMBER 517 : ▄▄▄▄▄▄▄▄▄▄▄▄▄▄▄▄▄▄▄▄▄▄▄
2147483647   00000000000000%

1c1
< 2147483647   00000000000000%
---
> 2147483647   %

▄▄▄▄▄▄▄▄▄▄▄▄▄▄▄▄▄▄▄▄▄▄▄ TEST NUMBER 518 : ▄▄▄▄▄▄▄▄▄▄▄▄▄▄▄▄▄▄▄▄▄▄▄
80000000 %%%%%%%80000000 %%%

1c1
< 80000000 %%%%%%%80000000 %%%
---
> 80000000 %%%%%%%%*x

▄▄▄▄▄▄▄▄▄▄▄▄▄▄▄▄▄▄▄▄▄▄▄ TEST NUMBER 519 : ▄▄▄▄▄▄▄▄▄▄▄▄▄▄▄▄▄▄▄▄▄▄▄
0x80000000       %

1c1
< 0x80000000       %
---
> 80000000 %%%

▄▄▄▄▄▄▄▄▄▄▄▄▄▄▄▄▄▄▄▄▄▄▄ TEST NUMBER 520 : ▄▄▄▄▄▄▄▄▄▄▄▄▄▄▄▄▄▄▄▄▄▄▄
fffef0d4                                                                                                            %

1c1
< fffef0d4                                                                                                            %
---
> 0x80000000       %

▄▄▄▄▄▄▄▄▄▄▄▄▄▄▄▄▄▄▄▄▄▄▄ TEST NUMBER 521 : ▄▄▄▄▄▄▄▄▄▄▄▄▄▄▄▄▄▄▄▄▄▄▄
                %                                0

1c1
<                 %                                0
---
> fffef0d4                         %

▄▄▄▄▄▄▄▄▄▄▄▄▄▄▄▄▄▄▄▄▄▄▄ TEST NUMBER 522 : ▄▄▄▄▄▄▄▄▄▄▄▄▄▄▄▄▄▄▄▄▄▄▄
       7FFFFFFF                 %

1c1
<        7FFFFFFF                 %
---
> %                                0

▄▄▄▄▄▄▄▄▄▄▄▄▄▄▄▄▄▄▄▄▄▄▄ TEST NUMBER 523 : ▄▄▄▄▄▄▄▄▄▄▄▄▄▄▄▄▄▄▄▄▄▄▄
% -2147483648                                                       Youssef

1c1
< % -2147483648                                                       Youssef
---
>        7FFFFFFF %

▄▄▄▄▄▄▄▄▄▄▄▄▄▄▄▄▄▄▄▄▄▄▄ TEST NUMBER 524 : ▄▄▄▄▄▄▄▄▄▄▄▄▄▄▄▄▄▄▄▄▄▄▄
2147483647                                                                                                                     % a 0123456a

1c1
< 2147483647                                                                                                                     % a 0123456a
---
> % -2147483648                                                       Youssef

▄▄▄▄▄▄▄▄▄▄▄▄▄▄▄▄▄▄▄▄▄▄▄ TEST NUMBER 525 : ▄▄▄▄▄▄▄▄▄▄▄▄▄▄▄▄▄▄▄▄▄▄▄
                %                                                     0xfffef0d4                  %Hi !

1c1
<                 %                                                     0xfffef0d4                  %Hi !
---
> 2147483647 % a 0123456a

▄▄▄▄▄▄▄▄▄▄▄▄▄▄▄▄▄▄▄▄▄▄▄ TEST NUMBER 526 : ▄▄▄▄▄▄▄▄▄▄▄▄▄▄▄▄▄▄▄▄▄▄▄
             %aaaaa 2147483647 aaaaaaa

1c1
<              %aaaaa 2147483647 aaaaaaa
---
> %                                                     0xfffef0d4  %Hi !

▄▄▄▄▄▄▄▄▄▄▄▄▄▄▄▄▄▄▄▄▄▄▄ TEST NUMBER 527 : ▄▄▄▄▄▄▄▄▄▄▄▄▄▄▄▄▄▄▄▄▄▄▄
7fffffff 	l'err           %eur !

1c1
< 7fffffff 	l'err           %eur !
---
> %aaaaa 2147483647 aaaaaaa

▄▄▄▄▄▄▄▄▄▄▄▄▄▄▄▄▄▄▄▄▄▄▄ TEST NUMBER 528 : ▄▄▄▄▄▄▄▄▄▄▄▄▄▄▄▄▄▄▄▄▄▄▄
        80000000

1c1
<         80000000
---
> 7fffffff 	l'err%eur !

▄▄▄▄▄▄▄▄▄▄▄▄▄▄▄▄▄▄▄▄▄▄▄ TEST NUMBER 529 : ▄▄▄▄▄▄▄▄▄▄▄▄▄▄▄▄▄▄▄▄▄▄▄
      %                       2147483648                                          %

1c1
<       %                       2147483648                                          %
---
>         80000000

▄▄▄▄▄▄▄▄▄▄▄▄▄▄▄▄▄▄▄▄▄▄▄ TEST NUMBER 530 : ▄▄▄▄▄▄▄▄▄▄▄▄▄▄▄▄▄▄▄▄▄▄▄
%      %-69420

1c1
< %      %-69420
---
> %                       2147483648 %

▄▄▄▄▄▄▄▄▄▄▄▄▄▄▄▄▄▄▄▄▄▄▄ TEST NUMBER 531 : ▄▄▄▄▄▄▄▄▄▄▄▄▄▄▄▄▄▄▄▄▄▄▄
             0x0%

1c1
<              0x0%
---
> %%-69420

▄▄▄▄▄▄▄▄▄▄▄▄▄▄▄▄▄▄▄▄▄▄▄ TEST NUMBER 532 : ▄▄▄▄▄▄▄▄▄▄▄▄▄▄▄▄▄▄▄▄▄▄▄
                        7FFFFFFF %    fffef0d4

1c1
<                         7FFFFFFF %    fffef0d4
---
>            (nil)%

▄▄▄▄▄▄▄▄▄▄▄▄▄▄▄▄▄▄▄▄▄▄▄ TEST NUMBER 533 : ▄▄▄▄▄▄▄▄▄▄▄▄▄▄▄▄▄▄▄▄▄▄▄
t-2147483648                      %                                              127

1c1
< t-2147483648                      %                                              127
---
>                         7FFFFFFF %    fffef0d4

▄▄▄▄▄▄▄▄▄▄▄▄▄▄▄▄▄▄▄▄▄▄▄ TEST NUMBER 534 : ▄▄▄▄▄▄▄▄▄▄▄▄▄▄▄▄▄▄▄▄▄▄▄
o%            0             80000000

1c1
< o%            0             80000000
---
> t-2147483648                      %                                              127

▄▄▄▄▄▄▄▄▄▄▄▄▄▄▄▄▄▄▄▄▄▄▄ TEST NUMBER 535 : ▄▄▄▄▄▄▄▄▄▄▄▄▄▄▄▄▄▄▄▄▄▄▄
t2147483647                % 2147483647          

1c1
< t2147483647                % 2147483647          
---
> o%            0             80000000

▄▄▄▄▄▄▄▄▄▄▄▄▄▄▄▄▄▄▄▄▄▄▄ TEST NUMBER 536 : ▄▄▄▄▄▄▄▄▄▄▄▄▄▄▄▄▄▄▄▄▄▄▄
o7FFFFFFF %7F                  

1c1
< o7FFFFFFF %7F                  
---
> t2147483647% 2147483647          

▄▄▄▄▄▄▄▄▄▄▄▄▄▄▄▄▄▄▄▄▄▄▄ TEST NUMBER 537 : ▄▄▄▄▄▄▄▄▄▄▄▄▄▄▄▄▄▄▄▄▄▄▄
!      %  FFFFFF80, %                                                    80000000

1c1
< !      %  FFFFFF80, %                                                    80000000
---
> o7FFFFFFF %7F                  

▄▄▄▄▄▄▄▄▄▄▄▄▄▄▄▄▄▄▄▄▄▄▄ TEST NUMBER 538 : ▄▄▄▄▄▄▄▄▄▄▄▄▄▄▄▄▄▄▄▄▄▄▄
%b7fffffff    , 127                 :D

1c1
< %b7fffffff    , 127                 :D
---
> !%  FFFFFF80, %                                                    80000000

▄▄▄▄▄▄▄▄▄▄▄▄▄▄▄▄▄▄▄▄▄▄▄ TEST NUMBER 539 : ▄▄▄▄▄▄▄▄▄▄▄▄▄▄▄▄▄▄▄▄▄▄▄
a                                                              127,                 %FFFEF0D4:O

1c1
< a                                                              127,                 %FFFEF0D4:O
---
> %b7fffffff    , 127                 :D

▄▄▄▄▄▄▄▄▄▄▄▄▄▄▄▄▄▄▄▄▄▄▄ TEST NUMBER 540 : ▄▄▄▄▄▄▄▄▄▄▄▄▄▄▄▄▄▄▄▄▄▄▄
b                                                                                            -69420, %ffffff80                      D:

1c1
< b                                                                                            -69420, %ffffff80                      D:
---
> a                                                              127, %FFFEF0D4:O

▄▄▄▄▄▄▄▄▄▄▄▄▄▄▄▄▄▄▄▄▄▄▄ TEST NUMBER 541 : ▄▄▄▄▄▄▄▄▄▄▄▄▄▄▄▄▄▄▄▄▄▄▄
a                       80000000                  %,           20:>

1c1
< a                       80000000                  %,           20:>
---
> b                                                                                            -69420, %ffffff80                      D:

▄▄▄▄▄▄▄▄▄▄▄▄▄▄▄▄▄▄▄▄▄▄▄ TEST NUMBER 542 : ▄▄▄▄▄▄▄▄▄▄▄▄▄▄▄▄▄▄▄▄▄▄▄

0a1
> a                       80000000%,           20:>

